<?xml version="1.0" encoding="UTF-8"?>
<coverage generated="1759031723697" clover="3.2.0">
  <project timestamp="1759031723697" name="All files">
    <metrics statements="17" coveredstatements="15" conditionals="27" coveredconditionals="25" methods="1" coveredmethods="1" elements="45" coveredelements="41" complexity="0" loc="17" ncloc="17" packages="1" files="1" classes="1"/>
    <file name="triangle.js" path="D:\01-Ges\10-study\CICT_workshop\CICT\triangle.js">
      <metrics statements="17" coveredstatements="15" conditionals="27" coveredconditionals="25" methods="1" coveredmethods="1"/>
      <line num="2" count="4" type="stmt"/>
      <line num="3" count="4" type="stmt"/>
      <line num="4" count="4" type="stmt"/>
      <line num="7" count="4" type="stmt"/>
      <line num="9" count="4" type="cond" truecount="4" falsecount="1"/>
      <line num="10" count="0" type="stmt"/>
      <line num="11" count="4" type="cond" truecount="7" falsecount="1"/>
      <line num="12" count="0" type="stmt"/>
      <line num="14" count="4" type="cond" truecount="5" falsecount="0"/>
      <line num="15" count="1" type="stmt"/>
      <line num="18" count="3" type="cond" truecount="4" falsecount="0"/>
      <line num="19" count="1" type="stmt"/>
      <line num="20" count="2" type="cond" truecount="5" falsecount="0"/>
      <line num="21" count="1" type="stmt"/>
      <line num="24" count="1" type="stmt"/>
      <line num="26" count="4" type="stmt"/>
      <line num="29" count="1" type="stmt"/>
    </file>
  </project>
</coverage>
