{"D:\\01-Ges\\10-study\\CICT_workshop\\CICT\\triangle.js": {"path":"D:\\01-Ges\\10-study\\CICT_workshop\\CICT\\triangle.js","statementMap":{"0":{"start":{"line":2,"column":2},"end":{"line":2,"column":20}},"1":{"start":{"line":3,"column":2},"end":{"line":3,"column":20}},"2":{"start":{"line":4,"column":2},"end":{"line":4,"column":20}},"3":{"start":{"line":7,"column":2},"end":{"line":7,"column":33}},"4":{"start":{"line":9,"column":2},"end":{"line":13,"column":3}},"5":{"start":{"line":10,"column":4},"end":{"line":10,"column":37}},"6":{"start":{"line":11,"column":9},"end":{"line":13,"column":3}},"7":{"start":{"line":12,"column":4},"end":{"line":12,"column":35}},"8":{"start":{"line":14,"column":2},"end":{"line":25,"column":3}},"9":{"start":{"line":15,"column":4},"end":{"line":15,"column":30}},"10":{"start":{"line":18,"column":7},"end":{"line":25,"column":3}},"11":{"start":{"line":19,"column":4},"end":{"line":19,"column":27}},"12":{"start":{"line":20,"column":9},"end":{"line":25,"column":3}},"13":{"start":{"line":21,"column":4},"end":{"line":21,"column":25}},"14":{"start":{"line":24,"column":4},"end":{"line":24,"column":23}},"15":{"start":{"line":26,"column":2},"end":{"line":26,"column":16}},"16":{"start":{"line":29,"column":0},"end":{"line":29,"column":36}}},"fnMap":{"0":{"name":"TriangleCalculator","decl":{"start":{"line":1,"column":9},"end":{"line":1,"column":27}},"loc":{"start":{"line":1,"column":37},"end":{"line":27,"column":1}},"line":1}},"branchMap":{"0":{"loc":{"start":{"line":9,"column":2},"end":{"line":13,"column":3}},"type":"if","locations":[{"start":{"line":9,"column":2},"end":{"line":13,"column":3}},{"start":{"line":11,"column":9},"end":{"line":13,"column":3}}],"line":9},"1":{"loc":{"start":{"line":9,"column":6},"end":{"line":9,"column":74}},"type":"binary-expr","locations":[{"start":{"line":9,"column":6},"end":{"line":9,"column":26}},{"start":{"line":9,"column":30},"end":{"line":9,"column":50}},{"start":{"line":9,"column":54},"end":{"line":9,"column":74}}],"line":9},"2":{"loc":{"start":{"line":11,"column":9},"end":{"line":13,"column":3}},"type":"if","locations":[{"start":{"line":11,"column":9},"end":{"line":13,"column":3}},{"start":{},"end":{}}],"line":11},"3":{"loc":{"start":{"line":11,"column":13},"end":{"line":11,"column":72}},"type":"binary-expr","locations":[{"start":{"line":11,"column":13},"end":{"line":11,"column":19}},{"start":{"line":11,"column":23},"end":{"line":11,"column":30}},{"start":{"line":11,"column":34},"end":{"line":11,"column":40}},{"start":{"line":11,"column":44},"end":{"line":11,"column":51}},{"start":{"line":11,"column":55},"end":{"line":11,"column":61}},{"start":{"line":11,"column":65},"end":{"line":11,"column":72}}],"line":11},"4":{"loc":{"start":{"line":14,"column":2},"end":{"line":25,"column":3}},"type":"if","locations":[{"start":{"line":14,"column":2},"end":{"line":25,"column":3}},{"start":{"line":18,"column":7},"end":{"line":25,"column":3}}],"line":14},"5":{"loc":{"start":{"line":14,"column":6},"end":{"line":14,"column":44}},"type":"binary-expr","locations":[{"start":{"line":14,"column":6},"end":{"line":14,"column":16}},{"start":{"line":14,"column":20},"end":{"line":14,"column":30}},{"start":{"line":14,"column":34},"end":{"line":14,"column":44}}],"line":14},"6":{"loc":{"start":{"line":18,"column":7},"end":{"line":25,"column":3}},"type":"if","locations":[{"start":{"line":18,"column":7},"end":{"line":25,"column":3}},{"start":{"line":20,"column":9},"end":{"line":25,"column":3}}],"line":18},"7":{"loc":{"start":{"line":18,"column":11},"end":{"line":18,"column":27}},"type":"binary-expr","locations":[{"start":{"line":18,"column":11},"end":{"line":18,"column":17}},{"start":{"line":18,"column":21},"end":{"line":18,"column":27}}],"line":18},"8":{"loc":{"start":{"line":20,"column":9},"end":{"line":25,"column":3}},"type":"if","locations":[{"start":{"line":20,"column":9},"end":{"line":25,"column":3}},{"start":{"line":23,"column":9},"end":{"line":25,"column":3}}],"line":20},"9":{"loc":{"start":{"line":20,"column":13},"end":{"line":20,"column":39}},"type":"binary-expr","locations":[{"start":{"line":20,"column":13},"end":{"line":20,"column":19}},{"start":{"line":20,"column":23},"end":{"line":20,"column":29}},{"start":{"line":20,"column":33},"end":{"line":20,"column":39}}],"line":20}},"s":{"0":4,"1":4,"2":4,"3":4,"4":4,"5":0,"6":4,"7":0,"8":4,"9":1,"10":3,"11":1,"12":2,"13":1,"14":1,"15":4,"16":1},"f":{"0":4},"b":{"0":[0,4],"1":[4,4,4],"2":[0,4],"3":[4,4,4,4,4,4],"4":[1,3],"5":[4,3,3],"6":[1,2],"7":[3,2],"8":[1,1],"9":[2,1,1]},"_coverageSchema":"1a1c01bbd47fc00a2c39e90264f33305004495a9","hash":"f7be54854016cd78b29442ece3ab81dff9e0f626"}
}
