TN:
SF:triangle.js
FN:1,TriangleCalculator
FNF:1
FNH:1
FNDA:4,TriangleCalculator
DA:2,4
DA:3,4
DA:4,4
DA:7,4
DA:9,4
DA:10,0
DA:11,4
DA:12,0
DA:14,4
DA:15,1
DA:18,3
DA:19,1
DA:20,2
DA:21,1
DA:24,1
DA:26,4
DA:29,1
LF:17
LH:15
BRDA:9,0,0,0
BRDA:9,0,1,4
BRDA:9,1,0,4
BRDA:9,1,1,4
BRDA:9,1,2,4
BRDA:11,2,0,0
BRDA:11,2,1,4
BRDA:11,3,0,4
BRDA:11,3,1,4
BRDA:11,3,2,4
BRDA:11,3,3,4
BRDA:11,3,4,4
BRDA:11,3,5,4
BRDA:14,4,0,1
BRDA:14,4,1,3
BRDA:14,5,0,4
BRDA:14,5,1,3
BRDA:14,5,2,3
BRDA:18,6,0,1
BRDA:18,6,1,2
BRDA:18,7,0,3
BRDA:18,7,1,2
BRDA:20,8,0,1
BRDA:20,8,1,1
BRDA:20,9,0,2
BRDA:20,9,1,1
BRDA:20,9,2,1
BRF:27
BRH:25
end_of_record
